2026-03-10 22:52:29 [main] INFO  com.example.framework.pages.BaseTest - Browser initialization started....
2026-03-10 22:52:34 [main] INFO  io.github.bonigarcia.wdm.WebDriverManager - Using chromedriver 145.0.7632.117 (resolved driver for Chrome 145)
2026-03-10 22:52:34 [main] INFO  io.github.bonigarcia.wdm.WebDriverManager - Exporting webdriver.chrome.driver as C:\Users\subhr\.cache\selenium\chromedriver\win64\145.0.7632.117\chromedriver.exe
2026-03-10 22:52:44 [main] INFO  com.example.framework.pages.BaseTest - Broser got maximized....
2026-03-10 22:52:45 [main] INFO  com.example.framework.pages.BaseTest - Navigated to application URL....
2026-03-10 22:52:46 [main] INFO  com.example.tests.tests.LoginTest - Username .... standard_user
2026-03-10 22:52:46 [main] INFO  com.example.tests.tests.LoginTest - Password ..... secret_sauce
2026-03-10 22:52:46 [main] INFO  com.example.tests.tests.LoginTest - Login started
2026-03-10 22:52:46 [main] INFO  com.example.framework.pages.LoginPage - Enter Username.. standard_user
2026-03-10 22:52:46 [main] INFO  com.example.framework.pages.LoginPage - Enter Password.. secret_sauce
2026-03-10 22:52:46 [main] INFO  com.example.framework.pages.LoginPage - Click on login button.. 
2026-03-10 22:52:47 [main] INFO  com.example.framework.pages.BaseTest - Browser closing....
2026-03-10 22:59:56 [main] INFO  com.example.framework.pages.BaseTest - Browser initialization started....
2026-03-10 22:59:58 [main] INFO  io.github.bonigarcia.wdm.WebDriverManager - Using chromedriver 145.0.7632.117 (resolved driver for Chrome 145)
2026-03-10 22:59:58 [main] INFO  io.github.bonigarcia.wdm.WebDriverManager - Exporting webdriver.chrome.driver as C:\Users\subhr\.cache\selenium\chromedriver\win64\145.0.7632.117\chromedriver.exe
2026-03-10 23:00:03 [main] INFO  com.example.framework.pages.BaseTest - Broser got maximized....
2026-03-10 23:00:04 [main] INFO  com.example.framework.pages.BaseTest - Navigated to application URL....
2026-03-10 23:00:04 [main] INFO  com.example.tests.tests.LoginTest - Username .... standard_user
2026-03-10 23:00:04 [main] INFO  com.example.tests.tests.LoginTest - Password ..... secret_sauce
2026-03-10 23:00:04 [main] INFO  com.example.tests.tests.LoginTest - Login started
2026-03-10 23:00:04 [main] INFO  com.example.framework.pages.LoginPage - Enter Username.. standard_user
2026-03-10 23:00:04 [main] INFO  com.example.framework.pages.LoginPage - Enter Password.. secret_sauce
2026-03-10 23:00:04 [main] INFO  com.example.framework.pages.LoginPage - Click on login button.. 
2026-03-10 23:00:05 [main] INFO  com.example.framework.pages.BaseTest - Browser closing....
